 * Serving Flask app 'app'
 * Debug mode: on
[31m[1mWARNING: This is a development server. Do not use it in a production deployment. Use a production WSGI server instead.[0m
 * Running on http://127.0.0.1:5000
[33mPress CTRL+C to quit[0m
 * Restarting with stat
 * Debugger is active!
 * Debugger PIN: 420-456-749
127.0.0.1 - - [10/Jun/2026 13:21:43] "GET /login HTTP/1.1" 200 -
 * Detected change in '/home/nazeer/WealthSync/app.py', reloading
 * Restarting with stat
 * Debugger is active!
 * Debugger PIN: 420-456-749
127.0.0.1 - - [10/Jun/2026 13:24:59] "[32mGET / HTTP/1.1[0m" 302 -
127.0.0.1 - - [10/Jun/2026 13:24:59] "GET /login HTTP/1.1" 200 -
127.0.0.1 - - [10/Jun/2026 13:24:59] "[33mGET /favicon.ico HTTP/1.1[0m" 404 -
127.0.0.1 - - [10/Jun/2026 13:25:03] "[32mGET /auth/google HTTP/1.1[0m" 302 -
127.0.0.1 - - [10/Jun/2026 13:25:14] "[35m[1mGET /auth/google/callback?state=z6dVdL99oOCg89MbdONaRCCo3QwuOf&iss=https://accounts.google.com&code=4/0AdkVLPzIV83nI-elzpc8rwJHB42QeP1FRlXwS0XKEQQXtt6zl06Qj0lY7NieEjT24SWXLA&scope=email+profile+https://www.googleapis.com/auth/userinfo.profile+https://www.googleapis.com/auth/userinfo.email+openid&authuser=2&prompt=consent HTTP/1.1[0m" 500 -
Traceback (most recent call last):
  File "/home/nazeer/WealthSync/venv/lib/python3.12/site-packages/sqlalchemy/engine/base.py", line 1969, in _exec_single_context
    self.dialect.do_execute(
  File "/home/nazeer/WealthSync/venv/lib/python3.12/site-packages/sqlalchemy/engine/default.py", line 952, in do_execute
    cursor.execute(statement, parameters)
sqlite3.IntegrityError: NOT NULL constraint failed: user.password_hash

The above exception was the direct cause of the following exception:

Traceback (most recent call last):
  File "/home/nazeer/WealthSync/venv/lib/python3.12/site-packages/flask/app.py", line 1536, in __call__
    return self.wsgi_app(environ, start_response)
           ^^^^^^^^^^^^^^^^^^^^^^^^^^^^^^^^^^^^^^
  File "/home/nazeer/WealthSync/venv/lib/python3.12/site-packages/flask/app.py", line 1514, in wsgi_app
    response = self.handle_exception(e)
               ^^^^^^^^^^^^^^^^^^^^^^^^
  File "/home/nazeer/WealthSync/venv/lib/python3.12/site-packages/flask/app.py", line 1511, in wsgi_app
    response = self.full_dispatch_request()
               ^^^^^^^^^^^^^^^^^^^^^^^^^^^^
  File "/home/nazeer/WealthSync/venv/lib/python3.12/site-packages/flask/app.py", line 919, in full_dispatch_request
    rv = self.handle_user_exception(e)
         ^^^^^^^^^^^^^^^^^^^^^^^^^^^^^
  File "/home/nazeer/WealthSync/venv/lib/python3.12/site-packages/flask/app.py", line 917, in full_dispatch_request
    rv = self.dispatch_request()
         ^^^^^^^^^^^^^^^^^^^^^^^
  File "/home/nazeer/WealthSync/venv/lib/python3.12/site-packages/flask/app.py", line 902, in dispatch_request
    return self.ensure_sync(self.view_functions[rule.endpoint])(**view_args)  # type: ignore[no-any-return]
           ^^^^^^^^^^^^^^^^^^^^^^^^^^^^^^^^^^^^^^^^^^^^^^^^^^^^^^^^^^^^^^^^^^^^^^^^^^^^^^^^^^^^^^^^^^^^^^^^
  File "/home/nazeer/WealthSync/app.py", line 520, in google_callback
    db.session.flush()
  File "/home/nazeer/WealthSync/venv/lib/python3.12/site-packages/sqlalchemy/orm/scoping.py", line 924, in flush
    return self._proxied.flush(objects=objects)
           ^^^^^^^^^^^^^^^^^^^^^^^^^^^^^^^^^^^^
  File "/home/nazeer/WealthSync/venv/lib/python3.12/site-packages/sqlalchemy/orm/session.py", line 4352, in flush
    self._flush(objects)
  File "/home/nazeer/WealthSync/venv/lib/python3.12/site-packages/sqlalchemy/orm/session.py", line 4487, in _flush
    with util.safe_reraise():
  File "/home/nazeer/WealthSync/venv/lib/python3.12/site-packages/sqlalchemy/util/langhelpers.py", line 122, in __exit__
    raise exc_value.with_traceback(exc_tb)
  File "/home/nazeer/WealthSync/venv/lib/python3.12/site-packages/sqlalchemy/orm/session.py", line 4448, in _flush
    flush_context.execute()
  File "/home/nazeer/WealthSync/venv/lib/python3.12/site-packages/sqlalchemy/orm/unitofwork.py", line 465, in execute
    rec.execute(self)
  File "/home/nazeer/WealthSync/venv/lib/python3.12/site-packages/sqlalchemy/orm/unitofwork.py", line 641, in execute
    util.preloaded.orm_persistence.save_obj(
  File "/home/nazeer/WealthSync/venv/lib/python3.12/site-packages/sqlalchemy/orm/persistence.py", line 94, in save_obj
    _emit_insert_statements(
  File "/home/nazeer/WealthSync/venv/lib/python3.12/site-packages/sqlalchemy/orm/persistence.py", line 1234, in _emit_insert_statements
    result = connection.execute(
             ^^^^^^^^^^^^^^^^^^^
  File "/home/nazeer/WealthSync/venv/lib/python3.12/site-packages/sqlalchemy/engine/base.py", line 1421, in execute
    return meth(
           ^^^^^
  File "/home/nazeer/WealthSync/venv/lib/python3.12/site-packages/sqlalchemy/sql/elements.py", line 526, in _execute_on_connection
    return connection._execute_clauseelement(
           ^^^^^^^^^^^^^^^^^^^^^^^^^^^^^^^^^^
  File "/home/nazeer/WealthSync/venv/lib/python3.12/site-packages/sqlalchemy/engine/base.py", line 1643, in _execute_clauseelement
    ret = self._execute_context(
          ^^^^^^^^^^^^^^^^^^^^^^
  File "/home/nazeer/WealthSync/venv/lib/python3.12/site-packages/sqlalchemy/engine/base.py", line 1848, in _execute_context
    return self._exec_single_context(
           ^^^^^^^^^^^^^^^^^^^^^^^^^^
  File "/home/nazeer/WealthSync/venv/lib/python3.12/site-packages/sqlalchemy/engine/base.py", line 1988, in _exec_single_context
    self._handle_dbapi_exception(
  File "/home/nazeer/WealthSync/venv/lib/python3.12/site-packages/sqlalchemy/engine/base.py", line 2365, in _handle_dbapi_exception
    raise sqlalchemy_exception.with_traceback(exc_info[2]) from e
  File "/home/nazeer/WealthSync/venv/lib/python3.12/site-packages/sqlalchemy/engine/base.py", line 1969, in _exec_single_context
    self.dialect.do_execute(
  File "/home/nazeer/WealthSync/venv/lib/python3.12/site-packages/sqlalchemy/engine/default.py", line 952, in do_execute
    cursor.execute(statement, parameters)
sqlalchemy.exc.IntegrityError: (sqlite3.IntegrityError) NOT NULL constraint failed: user.password_hash
[SQL: INSERT INTO user (name, email, password_hash, google_id, created_at) VALUES (?, ?, ?, ?, ?)]
[parameters: ('ethan', 'legendxsn@gmail.com', None, '102704378922745963880', '2026-06-10 13:25:14.907870')]
(Background on this error at: https://sqlalche.me/e/20/gkpj)
127.0.0.1 - - [10/Jun/2026 13:25:15] "[36mGET /auth/google/callback?__debugger__=yes&cmd=resource&f=debugger.js HTTP/1.1[0m" 304 -
127.0.0.1 - - [10/Jun/2026 13:25:15] "[36mGET /auth/google/callback?__debugger__=yes&cmd=resource&f=style.css HTTP/1.1[0m" 304 -
127.0.0.1 - - [10/Jun/2026 13:25:15] "GET /auth/google/callback?__debugger__=yes&cmd=resource&f=console.png&s=78B7yH6hZPo84hqse3Cz HTTP/1.1" 200 -
